{"WalId":1,"EventType":0,"MessageId":"","ConsumerId":"","Message":{"MessageId":"b4d7845e-d55d-4ae8-8210-45cbd7301122","Content":"SGVsbG8gd29ybGQNCg==","Progress":0,"ConsumerId":"","DeliveryAttempts":0,"ProcessingStartedAt":"0001-01-01T00:00:00Z","LastConsumerId":"","RetryAfter":0,"RetrieveAt":"0001-01-01T00:00:00Z"},"Time":"2026-07-22T15:42:47.8024338+05:30"}
{"WalId":2,"EventType":1,"MessageId":"b4d7845e-d55d-4ae8-8210-45cbd7301122","ConsumerId":"e4a6f721-e15e-4bee-b9bb-e5f4997f70ed","Message":null,"Time":"2026-07-22T15:42:47.816009+05:30"}
{"WalId":3,"EventType":4,"MessageId":"b4d7845e-d55d-4ae8-8210-45cbd7301122","ConsumerId":"e4a6f721-e15e-4bee-b9bb-e5f4997f70ed","Message":null,"Time":"2026-07-22T15:43:18.5670416+05:30"}
{"WalId":4,"EventType":4,"MessageId":"b4d7845e-d55d-4ae8-8210-45cbd7301122","ConsumerId":"e4a6f721-e15e-4bee-b9bb-e5f4997f70ed","Message":null,"Time":"2026-07-22T15:43:18.5796916+05:30"}
{"WalId":5,"EventType":7,"MessageId":"b4d7845e-d55d-4ae8-8210-45cbd7301122","ConsumerId":"","Message":null,"Time":"2026-07-22T15:43:18.5830531+05:30"}
{"WalId":6,"EventType":1,"MessageId":"b4d7845e-d55d-4ae8-8210-45cbd7301122","ConsumerId":"da69113b-1af3-4f3d-961f-63243479c23a","Message":null,"Time":"2026-07-22T15:43:18.5861876+05:30"}
{"WalId":7,"EventType":2,"MessageId":"b4d7845e-d55d-4ae8-8210-45cbd7301122","ConsumerId":"da69113b-1af3-4f3d-961f-63243479c23a","Message":null,"Time":"2026-07-22T15:43:18.5888941+05:30"}
{"WalId":8,"EventType":0,"MessageId":"","ConsumerId":"","Message":{"MessageId":"d4a400ca-8463-4d63-ba07-af945aaecb88","Content":"SGVsbG8gd29ybGQNCg==","Progress":0,"ConsumerId":"","DeliveryAttempts":0,"ProcessingStartedAt":"0001-01-01T00:00:00Z","LastConsumerId":"","RetryAfter":0,"RetrieveAt":"0001-01-01T00:00:00Z"},"Time":"2026-07-22T15:43:18.7844781+05:30"}
{"WalId":9,"EventType":1,"MessageId":"d4a400ca-8463-4d63-ba07-af945aaecb88","ConsumerId":"da69113b-1af3-4f3d-961f-63243479c23a","Message":null,"Time":"2026-07-22T15:43:18.7892361+05:30"}
{"WalId":10,"EventType":2,"MessageId":"d4a400ca-8463-4d63-ba07-af945aaecb88","ConsumerId":"da69113b-1af3-4f3d-961f-63243479c23a","Message":null,"Time":"2026-07-22T15:43:18.7918427+05:30"}
{"WalId":11,"EventType":0,"MessageId":"","ConsumerId":"","Message":{"MessageId":"b40e6009-8424-46e2-b34e-eed26f19daac","Content":"aGVsbG8gd29ybGQNCg==","Progress":0,"ConsumerId":"","DeliveryAttempts":0,"ProcessingStartedAt":"0001-01-01T00:00:00Z","LastConsumerId":"","RetryAfter":0,"RetrieveAt":"0001-01-01T00:00:00Z"},"Time":"2026-07-22T15:44:50.4460327+05:30"}
{"WalId":12,"EventType":1,"MessageId":"b40e6009-8424-46e2-b34e-eed26f19daac","ConsumerId":"0d1184f7-59f2-413e-bd0d-3b2e24c53aac","Message":null,"Time":"2026-07-22T20:44:40.5483628+05:30"}
{"WalId":13,"EventType":0,"MessageId":"","ConsumerId":"","Message":{"MessageId":"1bfb9075-b0fb-4534-9fd1-3b5654789c12","Content":"SGVsbG8gd29ybGQNCg==","Progress":0,"ConsumerId":"","DeliveryAttempts":0,"ProcessingStartedAt":"0001-01-01T00:00:00Z","LastConsumerId":"","RetryAfter":0,"RetrieveAt":"0001-01-01T00:00:00Z"},"Time":"2026-07-22T20:45:04.3691797+05:30"}
{"WalId":14,"EventType":1,"MessageId":"1bfb9075-b0fb-4534-9fd1-3b5654789c12","ConsumerId":"fb83155f-28fa-4af9-ad29-8edf98e691f7","Message":null,"Time":"2026-07-22T20:45:04.3837978+05:30"}
{"WalId":15,"EventType":2,"MessageId":"1bfb9075-b0fb-4534-9fd1-3b5654789c12","ConsumerId":"fb83155f-28fa-4af9-ad29-8edf98e691f7","Message":null,"Time":"2026-07-22T20:45:04.3859131+05:30"}
{"WalId":16,"EventType":7,"MessageId":"b40e6009-8424-46e2-b34e-eed26f19daac","ConsumerId":"","Message":null,"Time":"2026-07-22T20:45:10.608152+05:30"}
{"WalId":17,"EventType":0,"MessageId":"","ConsumerId":"","Message":{"MessageId":"a8d1a558-6081-49ff-b6f2-79255ef0e18f","Content":"aGFpIGJoYWkgc3VydSBobyBneWEgdHUNCg==","Progress":0,"ConsumerId":"","DeliveryAttempts":0,"ProcessingStartedAt":"0001-01-01T00:00:00Z","LastConsumerId":"","RetryAfter":0,"RetrieveAt":"0001-01-01T00:00:00Z"},"Time":"2026-07-22T20:45:27.1891431+05:30"}
{"WalId":18,"EventType":1,"MessageId":"a8d1a558-6081-49ff-b6f2-79255ef0e18f","ConsumerId":"fb83155f-28fa-4af9-ad29-8edf98e691f7","Message":null,"Time":"2026-07-22T20:45:27.1955221+05:30"}
{"WalId":19,"EventType":2,"MessageId":"a8d1a558-6081-49ff-b6f2-79255ef0e18f","ConsumerId":"fb83155f-28fa-4af9-ad29-8edf98e691f7","Message":null,"Time":"2026-07-22T20:45:27.1976152+05:30"}
{"WalId":20,"EventType":7,"MessageId":"b40e6009-8424-46e2-b34e-eed26f19daac","ConsumerId":"","Message":null,"Time":"2026-07-22T20:45:40.630881+05:30"}
{"WalId":21,"EventType":7,"MessageId":"b40e6009-8424-46e2-b34e-eed26f19daac","ConsumerId":"","Message":null,"Time":"2026-07-22T20:46:10.6556501+05:30"}
{"WalId":22,"EventType":7,"MessageId":"b40e6009-8424-46e2-b34e-eed26f19daac","ConsumerId":"","Message":null,"Time":"2026-07-22T20:46:40.6787269+05:30"}
{"WalId":23,"EventType":0,"MessageId":"","ConsumerId":"","Message":{"MessageId":"58ec55fe-a0f0-4bf9-b64e-81947058c11a","Content":"Y2hhbCByYWhhIGhhaSB0dQ0K","Progress":0,"ConsumerId":"","DeliveryAttempts":0,"ProcessingStartedAt":"0001-01-01T00:00:00Z","LastConsumerId":"","RetryAfter":0,"RetrieveAt":"0001-01-01T00:00:00Z"},"Time":"2026-07-22T20:47:03.0455044+05:30"}
{"WalId":24,"EventType":1,"MessageId":"58ec55fe-a0f0-4bf9-b64e-81947058c11a","ConsumerId":"fb83155f-28fa-4af9-ad29-8edf98e691f7","Message":null,"Time":"2026-07-22T20:47:03.0507945+05:30"}
{"WalId":25,"EventType":2,"MessageId":"58ec55fe-a0f0-4bf9-b64e-81947058c11a","ConsumerId":"fb83155f-28fa-4af9-ad29-8edf98e691f7","Message":null,"Time":"2026-07-22T20:47:03.0534165+05:30"}
{"WalId":26,"EventType":7,"MessageId":"b40e6009-8424-46e2-b34e-eed26f19daac","ConsumerId":"","Message":null,"Time":"2026-07-22T20:47:10.7037222+05:30"}
{"WalId":27,"EventType":0,"MessageId":"","ConsumerId":"","Message":{"MessageId":"b86d4a93-8f0e-458b-bb6e-e1addc2f6bf5","Content":"aSBhbSB3b3JraW5nIG9uIGl0DQo=","Progress":0,"ConsumerId":"","DeliveryAttempts":0,"ProcessingStartedAt":"0001-01-01T00:00:00Z","LastConsumerId":"","RetryAfter":0,"RetrieveAt":"0001-01-01T00:00:00Z"},"Time":"2026-07-22T20:47:24.1012945+05:30"}
{"WalId":28,"EventType":1,"MessageId":"b86d4a93-8f0e-458b-bb6e-e1addc2f6bf5","ConsumerId":"fb83155f-28fa-4af9-ad29-8edf98e691f7","Message":null,"Time":"2026-07-22T20:47:24.1148719+05:30"}
{"WalId":29,"EventType":2,"MessageId":"b86d4a93-8f0e-458b-bb6e-e1addc2f6bf5","ConsumerId":"fb83155f-28fa-4af9-ad29-8edf98e691f7","Message":null,"Time":"2026-07-22T20:47:24.1169942+05:30"}
{"WalId":30,"EventType":0,"MessageId":"","ConsumerId":"","Message":{"MessageId":"a659fe37-1390-479e-8bfd-38d11210cac4","Content":"YmVzdCBkbGV2ZXJ5DQo=","Progress":0,"ConsumerId":"","DeliveryAttempts":0,"ProcessingStartedAt":"0001-01-01T00:00:00Z","LastConsumerId":"","RetryAfter":0,"RetrieveAt":"0001-01-01T00:00:00Z"},"Time":"2026-07-22T20:47:30.0961447+05:30"}
{"WalId":31,"EventType":1,"MessageId":"a659fe37-1390-479e-8bfd-38d11210cac4","ConsumerId":"76cd1a15-069a-445f-95bb-cbc7c22ce326","Message":null,"Time":"2026-07-22T20:47:30.1090656+05:30"}
{"WalId":32,"EventType":7,"MessageId":"b40e6009-8424-46e2-b34e-eed26f19daac","ConsumerId":"","Message":null,"Time":"2026-07-22T20:47:40.725032+05:30"}
{"WalId":33,"EventType":4,"MessageId":"a659fe37-1390-479e-8bfd-38d11210cac4","ConsumerId":"76cd1a15-069a-445f-95bb-cbc7c22ce326","Message":null,"Time":"2026-07-22T20:48:00.6656984+05:30"}
{"WalId":34,"EventType":4,"MessageId":"a659fe37-1390-479e-8bfd-38d11210cac4","ConsumerId":"76cd1a15-069a-445f-95bb-cbc7c22ce326","Message":null,"Time":"2026-07-22T20:48:00.6789151+05:30"}
{"WalId":35,"EventType":1,"MessageId":"a659fe37-1390-479e-8bfd-38d11210cac4","ConsumerId":"fb83155f-28fa-4af9-ad29-8edf98e691f7","Message":null,"Time":"2026-07-22T20:48:00.6820721+05:30"}
{"WalId":36,"EventType":2,"MessageId":"a659fe37-1390-479e-8bfd-38d11210cac4","ConsumerId":"fb83155f-28fa-4af9-ad29-8edf98e691f7","Message":null,"Time":"2026-07-22T20:48:00.6846901+05:30"}
{"WalId":37,"EventType":7,"MessageId":"b40e6009-8424-46e2-b34e-eed26f19daac","ConsumerId":"","Message":null,"Time":"2026-07-22T20:48:10.7495892+05:30"}
{"WalId":38,"EventType":7,"MessageId":"b40e6009-8424-46e2-b34e-eed26f19daac","ConsumerId":"","Message":null,"Time":"2026-07-22T20:48:40.7741829+05:30"}
{"WalId":39,"EventType":7,"MessageId":"b40e6009-8424-46e2-b34e-eed26f19daac","ConsumerId":"","Message":null,"Time":"2026-07-22T20:55:29.7953616+05:30"}
{"WalId":40,"EventType":7,"MessageId":"b40e6009-8424-46e2-b34e-eed26f19daac","ConsumerId":"","Message":null,"Time":"2026-07-22T20:55:30.7984386+05:30"}
{"WalId":41,"EventType":7,"MessageId":"b40e6009-8424-46e2-b34e-eed26f19daac","ConsumerId":"","Message":null,"Time":"2026-07-22T20:55:31.8118657+05:30"}
{"WalId":42,"EventType":7,"MessageId":"b40e6009-8424-46e2-b34e-eed26f19daac","ConsumerId":"","Message":null,"Time":"2026-07-22T20:55:32.8172717+05:30"}
{"WalId":43,"EventType":7,"MessageId":"b40e6009-8424-46e2-b34e-eed26f19daac","ConsumerId":"","Message":null,"Time":"2026-07-22T20:55:33.8363636+05:30"}
{"WalId":44,"EventType":7,"MessageId":"b40e6009-8424-46e2-b34e-eed26f19daac","ConsumerId":"","Message":null,"Time":"2026-07-22T20:55:34.849849+05:30"}
{"WalId":45,"EventType":7,"MessageId":"b40e6009-8424-46e2-b34e-eed26f19daac","ConsumerId":"","Message":null,"Time":"2026-07-22T20:55:35.8628212+05:30"}
{"WalId":46,"EventType":7,"MessageId":"b40e6009-8424-46e2-b34e-eed26f19daac","ConsumerId":"","Message":null,"Time":"2026-07-22T20:55:36.8669821+05:30"}
{"WalId":47,"EventType":7,"MessageId":"b40e6009-8424-46e2-b34e-eed26f19daac","ConsumerId":"","Message":null,"Time":"2026-07-22T20:55:37.880497+05:30"}
{"WalId":48,"EventType":7,"MessageId":"b40e6009-8424-46e2-b34e-eed26f19daac","ConsumerId":"","Message":null,"Time":"2026-07-22T20:55:38.8942658+05:30"}
{"WalId":49,"EventType":7,"MessageId":"b40e6009-8424-46e2-b34e-eed26f19daac","ConsumerId":"","Message":null,"Time":"2026-07-22T20:55:39.907165+05:30"}
{"WalId":50,"EventType":7,"MessageId":"b40e6009-8424-46e2-b34e-eed26f19daac","ConsumerId":"","Message":null,"Time":"2026-07-22T20:55:40.9110864+05:30"}
{"WalId":51,"EventType":7,"MessageId":"b40e6009-8424-46e2-b34e-eed26f19daac","ConsumerId":"","Message":null,"Time":"2026-07-22T20:55:41.9250732+05:30"}
{"WalId":52,"EventType":7,"MessageId":"b40e6009-8424-46e2-b34e-eed26f19daac","ConsumerId":"","Message":null,"Time":"2026-07-22T20:55:42.9383317+05:30"}
{"WalId":53,"EventType":7,"MessageId":"b40e6009-8424-46e2-b34e-eed26f19daac","ConsumerId":"","Message":null,"Time":"2026-07-22T20:55:43.9516536+05:30"}
{"WalId":54,"EventType":7,"MessageId":"b40e6009-8424-46e2-b34e-eed26f19daac","ConsumerId":"","Message":null,"Time":"2026-07-22T20:55:44.955842+05:30"}
{"WalId":55,"EventType":7,"MessageId":"b40e6009-8424-46e2-b34e-eed26f19daac","ConsumerId":"","Message":null,"Time":"2026-07-22T20:55:45.9694118+05:30"}
{"WalId":56,"EventType":7,"MessageId":"b40e6009-8424-46e2-b34e-eed26f19daac","ConsumerId":"","Message":null,"Time":"2026-07-22T20:55:46.9818107+05:30"}
{"WalId":57,"EventType":7,"MessageId":"b40e6009-8424-46e2-b34e-eed26f19daac","ConsumerId":"","Message":null,"Time":"2026-07-22T20:55:47.9947828+05:30"}
{"WalId":58,"EventType":7,"MessageId":"b40e6009-8424-46e2-b34e-eed26f19daac","ConsumerId":"","Message":null,"Time":"2026-07-22T20:55:48.9984617+05:30"}
{"WalId":59,"EventType":7,"MessageId":"b40e6009-8424-46e2-b34e-eed26f19daac","ConsumerId":"","Message":null,"Time":"2026-07-22T20:55:50.0021255+05:30"}
{"WalId":60,"EventType":7,"MessageId":"b40e6009-8424-46e2-b34e-eed26f19daac","ConsumerId":"","Message":null,"Time":"2026-07-22T20:55:51.0152118+05:30"}
{"WalId":61,"EventType":7,"MessageId":"b40e6009-8424-46e2-b34e-eed26f19daac","ConsumerId":"","Message":null,"Time":"2026-07-22T20:55:52.0287403+05:30"}
{"WalId":62,"EventType":7,"MessageId":"b40e6009-8424-46e2-b34e-eed26f19daac","ConsumerId":"","Message":null,"Time":"2026-07-22T20:55:53.0411743+05:30"}
{"WalId":63,"EventType":7,"MessageId":"b40e6009-8424-46e2-b34e-eed26f19daac","ConsumerId":"","Message":null,"Time":"2026-07-22T20:56:01.4530637+05:30"}
{"WalId":64,"EventType":7,"MessageId":"b40e6009-8424-46e2-b34e-eed26f19daac","ConsumerId":"","Message":null,"Time":"2026-07-22T20:56:02.4665895+05:30"}
{"WalId":65,"EventType":7,"MessageId":"b40e6009-8424-46e2-b34e-eed26f19daac","ConsumerId":"","Message":null,"Time":"2026-07-22T20:56:03.4806286+05:30"}
{"WalId":66,"EventType":7,"MessageId":"b40e6009-8424-46e2-b34e-eed26f19daac","ConsumerId":"","Message":null,"Time":"2026-07-22T20:56:04.6881233+05:30"}
{"WalId":67,"EventType":7,"MessageId":"b40e6009-8424-46e2-b34e-eed26f19daac","ConsumerId":"","Message":null,"Time":"2026-07-22T20:56:05.7015277+05:30"}
{"WalId":68,"EventType":7,"MessageId":"b40e6009-8424-46e2-b34e-eed26f19daac","ConsumerId":"","Message":null,"Time":"2026-07-22T20:56:06.7051992+05:30"}
{"WalId":69,"EventType":7,"MessageId":"b40e6009-8424-46e2-b34e-eed26f19daac","ConsumerId":"","Message":null,"Time":"2026-07-22T20:56:07.7183972+05:30"}
{"WalId":70,"EventType":7,"MessageId":"b40e6009-8424-46e2-b34e-eed26f19daac","ConsumerId":"","Message":null,"Time":"2026-07-22T20:56:08.7325728+05:30"}
{"WalId":71,"EventType":7,"MessageId":"b40e6009-8424-46e2-b34e-eed26f19daac","ConsumerId":"","Message":null,"Time":"2026-07-22T20:56:09.7457041+05:30"}
{"WalId":72,"EventType":7,"MessageId":"b40e6009-8424-46e2-b34e-eed26f19daac","ConsumerId":"","Message":null,"Time":"2026-07-22T20:56:10.7595788+05:30"}
{"WalId":73,"EventType":7,"MessageId":"b40e6009-8424-46e2-b34e-eed26f19daac","ConsumerId":"","Message":null,"Time":"2026-07-22T20:56:11.7724593+05:30"}
{"WalId":74,"EventType":7,"MessageId":"b40e6009-8424-46e2-b34e-eed26f19daac","ConsumerId":"","Message":null,"Time":"2026-07-22T20:56:12.7780815+05:30"}
{"WalId":75,"EventType":7,"MessageId":"b40e6009-8424-46e2-b34e-eed26f19daac","ConsumerId":"","Message":null,"Time":"2026-07-22T20:56:13.7915444+05:30"}
